<?xml version="1.0" encoding="UTF-8"?>
<!-- Generated by org.testng.reporters.JUnitReportReporter -->
<testsuite hostname="matt.mit" name="TestSuiteretail" tests="1" failures="0" timestamp="20 Oct 2011 13:19:27 GMT" time="2.965" errors="0">
  <testcase name="testRetail" time="2.965" classname="TestSuiteretail"/>
</testsuite>
