<?xml version="1.0" encoding="UTF-8"?>
<!-- Generated by org.testng.reporters.JUnitReportReporter -->
<testsuite hostname="matt.mit" name="au.com.onegeek.lambda.BrowserFactoryTest" tests="1" failures="0" timestamp="26 May 2012 06:47:30 GMT" time="27.383" errors="0">
  <testcase name="testBrowserFactory" time="27.383" classname="au.com.onegeek.lambda.BrowserFactoryTest"/>
</testsuite>
