<?xml version="1.0" encoding="UTF-8"?>
<!-- Generated by org.testng.reporters.JUnitReportReporter -->
<testsuite hostname="matt.mit" name="au.com.onegeek.lambda.tests.runtimegenerated.eatmyTests" tests="2" failures="0" timestamp="17 Oct 2011 03:06:16 GMT" time="0.545" errors="0">
  <testcase name="testTheGoogle" time="0.173" classname="au.com.onegeek.lambda.tests.runtimegenerated.eatmyTests"/>
  <testcase name="testTheGoogle" time="0.372" classname="au.com.onegeek.lambda.tests.runtimegenerated.eatmyTests"/>
</testsuite>
