<?xml version="1.0" encoding="UTF-8"?>
<!-- Generated by org.testng.reporters.JUnitReportReporter -->
<testsuite hostname="matt.mit" name="au.com.onegeek.lambda.LambdaTests" tests="1" failures="0" timestamp="20 Oct 2011 13:19:28 GMT" time="16.637" errors="0">
  <testcase name="testLambda" time="16.637" classname="au.com.onegeek.lambda.LambdaTests"/>
</testsuite>
