<?xml version="1.0" encoding="UTF-8"?>
<!-- Generated by org.testng.reporters.JUnitReportReporter -->
<testsuite hostname="matt.mit" name="au.com.onegeek.lambda.CommandRunnerTests" tests="2" failures="0" timestamp="15 Oct 2011 05:54:23 GMT" time="15.049" errors="0">
  <testcase name="testCommandRunner" time="15.048" classname="au.com.onegeek.lambda.CommandRunnerTests"/>
  <testcase name="testMethodNotExist" time="0.001" classname="au.com.onegeek.lambda.CommandRunnerTests"/>
</testsuite>
