<?xml version="1.0" encoding="UTF-8"?>
<!-- Generated by org.testng.reporters.JUnitReportReporter -->
<testsuite hostname="matt.mit" name="au.com.onegeek.lambda.TestFactoryTests" tests="1" failures="0" timestamp="17 Oct 2011 03:06:16 GMT" time="9.450" errors="0">
  <testcase name="testClassCreation" time="9.450" classname="au.com.onegeek.lambda.TestFactoryTests"/>
</testsuite>
