<?xml version="1.0" encoding="UTF-8"?>
<!-- Generated by org.testng.reporters.JUnitReportReporter -->
<testsuite hostname="matt.mit" name="au.com.onegeek.lambda.TestFactoryTests" tests="1" failures="0" timestamp="20 Oct 2011 12:59:26 GMT" time="0.181" errors="0">
  <testcase name="testClassCreation" time="0.181" classname="au.com.onegeek.lambda.TestFactoryTests"/>
</testsuite>
