<?xml version="1.0" encoding="UTF-8"?>
<!-- Generated by org.testng.reporters.JUnitReportReporter -->
<testsuite hostname="matt.mit" name="au.com.onegeek.lambda.tests.TestWebDriver" tests="1" failures="0" timestamp="17 Oct 2011 06:24:36 GMT" time="47.496" errors="0">
  <testcase name="runSpreadsheetTests" time="47.496" classname="au.com.onegeek.lambda.tests.TestWebDriver"/>
</testsuite>
