<?xml version="1.0" encoding="UTF-8"?>
<!-- Generated by org.testng.reporters.JUnitReportReporter -->
<testsuite hostname="matt.mit" name="au.com.onegeek.lambda.TestFactoryTests" tests="1" failures="0" timestamp="26 May 2012 06:43:14 GMT" time="0.216" errors="0">
  <testcase name="testClassCreation" time="0.216" classname="au.com.onegeek.lambda.TestFactoryTests"/>
</testsuite>
