<?xml version="1.0" encoding="UTF-8"?>
<!-- Generated by org.testng.reporters.JUnitReportReporter -->
<testsuite hostname="matt.mit" name="TestSuitedemo1" tests="2" failures="0" timestamp="26 May 2012 05:54:15 GMT" time="19.216" errors="0">
  <testcase name="testRetailHomepage" time="7.189" classname="TestSuitedemo1"/>
  <testcase name="testRetailHomepage" time="12.027" classname="TestSuitedemo1"/>
</testsuite>
