<?xml version="1.0" encoding="UTF-8"?>
<!-- Generated by org.testng.reporters.JUnitReportReporter -->
<testsuite hostname="matt.mit" name="au.com.onegeek.lambda.TestFactoryTests" tests="1" failures="0" timestamp="15 Oct 2011 12:48:27 GMT" time="17.761" errors="0">
  <testcase name="testClassCreation" time="17.761" classname="au.com.onegeek.lambda.TestFactoryTests"/>
</testsuite>
